
  ┌────────────────────────────────────────┐
  │  🦞 爪爪桥接 v14                      │
  │  编号: D0                         │
  │  引擎: WebSocket 长连接                │
  │  去重: msg_id + 读完即焚               │
  └────────────────────────────────────────┘

[已连接] wss://ai0000.cn/zz/?role=bridge
[收] #628: WebSocket修复测试 (id=uuid-ws-fix-test)
[回] → #628: WebSocket修复测试收到，回复正常！一切运行良好 ✅ (id=reply-uuid-ws-fix-test)
[收] #628: 给我发首李白的诗 (id=uuid-1774787782326-yfof25)
[回] → #628: 《静夜思》— 李白

床前明月光，疑是地上霜。
举头望明月，低头思故乡。

——这首诗写的是游子在寂静的月夜思念家乡的心情。月光洒在床前，恍惚间以为是地上的白霜 (id=reply-uuid-1774787782326-yfof25)
[断开] no close frame received or sent，5秒后重连...
[已连接] wss://ai0000.cn/zz/?role=bridge
[断开] no close frame received or sent，5秒后重连...
[已连接] wss://ai0000.cn/zz/?role=bridge
[断开] no close frame received or sent，5秒后重连...
[已连接] wss://ai0000.cn/zz/?role=bridge
[断开] no close frame received or sent，5秒后重连...
[已连接] wss://ai0000.cn/zz/?role=bridge
[断开] sent 1011 (internal error) keepalive ping timeout; no close frame received，5秒后重连...
[断开] timed out during opening handshake，5秒后重连...
[断开] ，5秒后重连...
Exception in callback Connection.connection_lost()
handle: <Handle Connection.connection_lost()>
Traceback (most recent call last):
  File "/opt/homebrew/Cellar/python@3.14/3.14.3_1/Frameworks/Python.framework/Versions/3.14/lib/python3.14/asyncio/events.py", line 94, in _run
    self._context.run(self._callback, *self._args)
    ~~~~~~~~~~~~~~~~~^^^^^^^^^^^^^^^^^^^^^^^^^^^^^
  File "/opt/homebrew/lib/python3.14/site-packages/websockets/asyncio/connection.py", line 1029, in connection_lost
    self.recv_messages.close()
    ^^^^^^^^^^^^^^^^^^
AttributeError: 'ClientConnection' object has no attribute 'recv_messages'
[断开] ，5秒后重连...
Exception in callback Connection.connection_lost()
handle: <Handle Connection.connection_lost()>
Traceback (most recent call last):
  File "/opt/homebrew/Cellar/python@3.14/3.14.3_1/Frameworks/Python.framework/Versions/3.14/lib/python3.14/asyncio/events.py", line 94, in _run
    self._context.run(self._callback, *self._args)
    ~~~~~~~~~~~~~~~~~^^^^^^^^^^^^^^^^^^^^^^^^^^^^^
  File "/opt/homebrew/lib/python3.14/site-packages/websockets/asyncio/connection.py", line 1029, in connection_lost
    self.recv_messages.close()
    ^^^^^^^^^^^^^^^^^^
AttributeError: 'ClientConnection' object has no attribute 'recv_messages'
[断开] timed out during opening handshake，5秒后重连...
[已连接] wss://ai0000.cn/zz/?role=bridge
